!SESSION 2024-11-23 19:02:34.908 -----------------------------------------------
eclipse.buildId=4.31.0.20240307-1200
java.version=17.0.10
java.vendor=Eclipse Adoptium
BootLoader constants: OS=win32, ARCH=x86_64, WS=win32, NL=en_IN
Framework arguments:  -product org.eclipse.epp.package.jee.product
Command-line arguments:  -os win32 -ws win32 -arch x86_64 -product org.eclipse.epp.package.jee.product

!ENTRY org.eclipse.emf.ecore 2 0 2024-11-23 19:02:39.232
!MESSAGE Both 'org.eclipse.jst.j2ee.core' and 'org.eclipse.jst.j2ee.core' register a package for 'application.xmi'
!SESSION 2024-11-23 19:02:34.906 -----------------------------------------------
eclipse.buildId=4.31.0.20240307-1200
java.version=17.0.10
java.vendor=Eclipse Adoptium
BootLoader constants: OS=win32, ARCH=x86_64, WS=win32, NL=en_IN
Framework arguments:  -product org.eclipse.epp.package.jee.product
Command-line arguments:  -os win32 -ws win32 -arch x86_64 -product org.eclipse.epp.package.jee.product

!ENTRY org.eclipse.emf.ecore 2 0 2024-11-23 19:02:39.403
!MESSAGE Both 'org.eclipse.jst.j2ee.core' and 'org.eclipse.jst.j2ee.core' register a package for 'application.xmi'

!ENTRY ch.qos.logback.classic 1 0 2024-11-23 19:02:39.622
!MESSAGE Activated before the state location was initialized. Retry after the state location is initialized.

!ENTRY ch.qos.logback.classic 1 0 2024-11-23 19:02:39.799
!MESSAGE Activated before the state location was initialized. Retry after the state location is initialized.
